# JRE version: Java(TM) SE Runtime Environment (14.0+36) (build 14+36-1461)
# Java VM: Java HotSpot(TM) 64-Bit Server VM (14+36-1461, mixed mode, sharing, tiered, compressed oops, g1 gc, windows-amd64)
Heap:
 garbage-first heap   total 31744K, used 7488K [0x0000000082400000, 0x0000000100000000)
  region size 1024K, 1 young (1024K), 1 survivors (1024K)
 Metaspace       used 9400K, capacity 11962K, committed 12160K, reserved 1060864K
  class space    used 1096K, capacity 1380K, committed 1408K, reserved 1048576K
GC Heap History (20 events):
Event: 1.678 GC heap after
{Heap after GC invocations=7 (full 0):
 garbage-first heap   total 8192K, used 3610K [0x0000000082400000, 0x0000000100000000)
  region size 1024K, 1 young (1024K), 1 survivors (1024K)
 Metaspace       used 7978K, capacity 11121K, committed 11264K, reserved 1058816K
  class space    used 937K, capacity 1248K, committed 1280K, reserved 1048576K
}
Event: 1.700 GC heap before
{Heap before GC invocations=7 (full 0):
 garbage-first heap   total 8192K, used 4634K [0x0000000082400000, 0x0000000100000000)
  region size 1024K, 2 young (2048K), 1 survivors (1024K)
 Metaspace       used 7993K, capacity 11121K, committed 11264K, reserved 1058816K
  class space    used 937K, capacity 1248K, committed 1280K, reserved 1048576K
}
Event: 1.702 GC heap after
{Heap after GC invocations=8 (full 0):
 garbage-first heap   total 8192K, used 4292K [0x0000000082400000, 0x0000000100000000)
  region size 1024K, 1 young (1024K), 1 survivors (1024K)
 Metaspace       used 7993K, capacity 11121K, committed 11264K, reserved 1058816K
  class space    used 937K, capacity 1248K, committed 1280K, reserved 1048576K
}
Event: 1.727 GC heap before
{Heap before GC invocations=8 (full 0):
 garbage-first heap   total 8192K, used 4292K [0x0000000082400000, 0x0000000100000000)
  region size 1024K, 2 young (2048K), 1 survivors (1024K)
 Metaspace       used 8010K, capacity 11121K, committed 11264K, reserved 1058816K
  class space    used 937K, capacity 1248K, committed 1280K, reserved 1048576K
}
Event: 1.730 GC heap after
{Heap after GC invocations=9 (full 0):
 garbage-first heap   total 10240K, used 4595K [0x0000000082400000, 0x0000000100000000)
  region size 1024K, 1 young (1024K), 1 survivors (1024K)
 Metaspace       used 8010K, capacity 11121K, committed 11264K, reserved 1058816K
  class space    used 937K, capacity 1248K, committed 1280K, reserved 1048576K
}
Event: 1.780 GC heap before
{Heap before GC invocations=10 (full 0):
 garbage-first heap   total 12288K, used 6643K [0x0000000082400000, 0x0000000100000000)
  region size 1024K, 2 young (2048K), 1 survivors (1024K)
 Metaspace       used 8132K, capacity 11209K, committed 11264K, reserved 1058816K
  class space    used 951K, capacity 1256K, committed 1280K, reserved 1048576K
}
Event: 1.784 GC heap after
{Heap after GC invocations=11 (full 0):
 garbage-first heap   total 12288K, used 4779K [0x0000000082400000, 0x0000000100000000)
  region size 1024K, 1 young (1024K), 1 survivors (1024K)
 Metaspace       used 8132K, capacity 11209K, committed 11264K, reserved 1058816K
  class space    used 951K, capacity 1256K, committed 1280K, reserved 1048576K
}
Event: 1.847 GC heap before
{Heap before GC invocations=11 (full 0):
 garbage-first heap   total 12288K, used 5803K [0x0000000082400000, 0x0000000100000000)
  region size 1024K, 2 young (2048K), 1 survivors (1024K)
 Metaspace       used 8360K, capacity 11353K, committed 11648K, reserved 1058816K
  class space    used 978K, capacity 1305K, committed 1408K, reserved 1048576K
}
Event: 1.850 GC heap after
{Heap after GC invocations=12 (full 0):
 garbage-first heap   total 12288K, used 5066K [0x0000000082400000, 0x0000000100000000)
  region size 1024K, 1 young (1024K), 1 survivors (1024K)
 Metaspace       used 8360K, capacity 11353K, committed 11648K, reserved 1058816K
  class space    used 978K, capacity 1305K, committed 1408K, reserved 1048576K
}
Event: 1.871 GC heap before
{Heap before GC invocations=12 (full 0):
 garbage-first heap   total 12288K, used 6090K [0x0000000082400000, 0x0000000100000000)
  region size 1024K, 2 young (2048K), 1 survivors (1024K)
 Metaspace       used 8415K, capacity 11379K, committed 11648K, reserved 1058816K
  class space    used 986K, capacity 1314K, committed 1408K, reserved 1048576K
}
Event: 1.875 GC heap after
{Heap after GC invocations=13 (full 0):
 garbage-first heap   total 12288K, used 5579K [0x0000000082400000, 0x0000000100000000)
  region size 1024K, 1 young (1024K), 1 survivors (1024K)
 Metaspace       used 8415K, capacity 11379K, committed 11648K, reserved 1058816K
  class space    used 986K, capacity 1314K, committed 1408K, reserved 1048576K
}
Event: 1.951 GC heap before
{Heap before GC invocations=13 (full 0):
 garbage-first heap   total 12288K, used 6603K [0x0000000082400000, 0x0000000100000000)
  region size 1024K, 2 young (2048K), 1 survivors (1024K)
 Metaspace       used 8894K, capacity 11688K, committed 11904K, reserved 1060864K
  class space    used 1055K, capacity 1353K, committed 1408K, reserved 1048576K
}
Event: 1.956 GC heap after
{Heap after GC invocations=14 (full 0):
 garbage-first heap   total 16384K, used 6353K [0x0000000082400000, 0x0000000100000000)
  region size 1024K, 1 young (1024K), 1 survivors (1024K)
 Metaspace       used 8894K, capacity 11688K, committed 11904K, reserved 1060864K
  class space    used 1055K, capacity 1353K, committed 1408K, reserved 1048576K
}
Event: 2.004 GC heap before
{Heap before GC invocations=14 (full 0):
 garbage-first heap   total 16384K, used 8401K [0x0000000082400000, 0x0000000100000000)
  region size 1024K, 3 young (3072K), 1 survivors (1024K)
 Metaspace       used 9101K, capacity 11728K, committed 11904K, reserved 1060864K
  class space    used 1072K, capacity 1367K, committed 1408K, reserved 1048576K
}
Event: 2.007 GC heap after
{Heap after GC invocations=15 (full 0):
 garbage-first heap   total 16384K, used 6587K [0x0000000082400000, 0x0000000100000000)
  region size 1024K, 1 young (1024K), 1 survivors (1024K)
 Metaspace       used 9101K, capacity 11728K, committed 11904K, reserved 1060864K
  class space    used 1072K, capacity 1367K, committed 1408K, reserved 1048576K
}
Event: 2.041 GC heap before
{Heap before GC invocations=15 (full 0):
 garbage-first heap   total 16384K, used 8635K [0x0000000082400000, 0x0000000100000000)
  region size 1024K, 3 young (3072K), 1 survivors (1024K)
 Metaspace       used 9194K, capacity 11801K, committed 11904K, reserved 1060864K
  class space    used 1078K, capacity 1370K, committed 1408K, reserved 1048576K
}
Event: 2.045 GC heap after
{Heap after GC invocations=16 (full 0):
 garbage-first heap   total 16384K, used 6687K [0x0000000082400000, 0x0000000100000000)
  region size 1024K, 1 young (1024K), 1 survivors (1024K)
 Metaspace       used 9194K, capacity 11801K, committed 11904K, reserved 1060864K
  class space    used 1078K, capacity 1370K, committed 1408K, reserved 1048576K
}
Event: 2.067 GC heap before
{Heap before GC invocations=16 (full 0):
 garbage-first heap   total 16384K, used 8735K [0x0000000082400000, 0x0000000100000000)
  region size 1024K, 3 young (3072K), 1 survivors (1024K)
 Metaspace       used 9236K, capacity 11811K, committed 11904K, reserved 1060864K
  class space    used 1079K, capacity 1372K, committed 1408K, reserved 1048576K
}
Event: 2.071 GC heap after
{Heap after GC invocations=17 (full 0):
 garbage-first heap   total 16384K, used 6994K [0x0000000082400000, 0x0000000100000000)
  region size 1024K, 1 young (1024K), 1 survivors (1024K)
 Metaspace       used 9236K, capacity 11811K, committed 11904K, reserved 1060864K
  class space    used 1079K, capacity 1372K, committed 1408K, reserved 1048576K
}
Event: 2.160 GC heap before
{Heap before GC invocations=17 (full 0):
 garbage-first heap   total 16384K, used 10066K [0x0000000082400000, 0x0000000100000000)
  region size 1024K, 4 young (4096K), 1 survivors (1024K)
 Metaspace       used 9400K, capacity 11962K, committed 12160K, reserved 1060864K
  class space    used 1096K, capacity 1380K, committed 1408K, reserved 1048576K
}

